<?xml version="1.0" encoding="UTF-8"?>
<!-- Generated by org.testng.reporters.JUnitReportReporter -->
<testsuite hostname="DESKTOP-8URFB1B" failures="0" tests="3" name="tests.LocateDealer" time="344.755" errors="0" timestamp="2021-07-26T21:18:27 PKT" skipped="0">
  <testcase classname="tests.LocateDealer" name="locateDealerEnter17digitVINNumberSearch" time="152.543"/>
  <system-out/>
  <testcase classname="tests.LocateDealer" name="locateDealerZipCodeSearch" time="118.899"/>
  <system-out/>
  <testcase classname="tests.LocateDealer" name="locateDealerLocationSearch" time="73.313"/>
  <system-out/>
</testsuite> <!-- tests.LocateDealer -->
