<?xml version="1.0" encoding="UTF-8"?>
<!-- Generated by org.testng.reporters.JUnitReportReporter -->
<testsuite hostname="DESKTOP-8URFB1B" failures="0" tests="3" name="tests.MyGarageTest" time="199.275" errors="0" timestamp="2021-07-27T20:58:04 PKT" skipped="0">
  <testcase classname="tests.MyGarageTest" name="myGarageAddVehicleThroughVIN" time="49.321"/>
  <system-out/>
  <testcase classname="tests.MyGarageTest" name="myGarageVINAlreadyExist" time="52.715"/>
  <system-out/>
  <testcase classname="tests.MyGarageTest" name="myGarageDeleteVIN" time="97.239"/>
  <system-out/>
</testsuite> <!-- tests.MyGarageTest -->
