<?xml version="1.0" encoding="UTF-8"?>
<!-- Generated by org.testng.reporters.JUnitReportReporter -->
<testsuite hostname="DESKTOP-8URFB1B" failures="0" tests="7" name="tests.BrokenLinksTest" time="1518.551" errors="0" timestamp="2021-07-27T23:05:04 PKT" skipped="0">
  <testcase classname="tests.BrokenLinksTest" name="brokenLinksOnResetPasswordPage" time="69.534"/>
  <system-out/>
  <testcase classname="tests.BrokenLinksTest" name="brokenLinksOnLocateDealerPage" time="71.115"/>
  <system-out/>
  <testcase classname="tests.BrokenLinksTest" name="brokenLinksOnRecallNewsPage" time="54.533"/>
  <system-out/>
  <testcase classname="tests.BrokenLinksTest" name="brokenLinksOnLoginPage" time="45.340"/>
  <system-out/>
  <testcase classname="tests.BrokenLinksTest" name="validateLinks" time="24.434"/>
  <system-out/>
  <testcase classname="tests.BrokenLinksTest" name="brokenLinksOnCreateAccountPage" time="70.785"/>
  <system-out/>
  <testcase classname="tests.BrokenLinksTest" name="brokenLinksOnAfterLoggedInPage" time="1182.810"/>
  <system-out/>
</testsuite> <!-- tests.BrokenLinksTest -->
