<?xml version="1.0" encoding="UTF-8"?>
<!-- Generated by org.testng.reporters.JUnitReportReporter -->
<testsuite hostname="DESKTOP-8URFB1B" failures="0" tests="2" name="tests.FindRecallsSearchTest" time="166.016" errors="0" timestamp="2021-07-27T18:15:37 PKT" skipped="0">
  <testcase classname="tests.FindRecallsSearchTest" name="validateLoginFields" time="81.250"/>
  <system-out/>
  <testcase classname="tests.FindRecallsSearchTest" name="checkFindRecallsSearchThroughVIN" time="84.766"/>
  <system-out/>
</testsuite> <!-- tests.FindRecallsSearchTest -->
