<?xml version="1.0" encoding="UTF-8"?>
<!-- Generated by org.testng.reporters.JUnitReportReporter -->
<testsuite hostname="DESKTOP-8URFB1B" failures="0" tests="4" name="tests.LoginTest" time="299.012" errors="0" timestamp="2021-07-27T20:18:22 PKT" skipped="0">
  <testcase classname="tests.LoginTest" name="validateLoginFields" time="107.540"/>
  <system-out/>
  <testcase classname="tests.LoginTest" name="singupPage" time="81.438"/>
  <system-out/>
  <testcase classname="tests.LoginTest" name="signupExistedAccount" time="71.593"/>
  <system-out/>
  <testcase classname="tests.LoginTest" name="loginPage" time="38.441"/>
  <system-out/>
</testsuite> <!-- tests.LoginTest -->
