<?xml version="1.0" encoding="UTF-8"?>
<!-- Generated by org.testng.reporters.JUnitReportReporter -->
<testsuite hostname="DESKTOP-8URFB1B" failures="0" tests="3" name="tests.LocateDealerSearches" time="343.002" errors="0" timestamp="2021-07-27T20:40:47 PKT" skipped="0">
  <testcase classname="tests.LocateDealerSearches" name="locateDealerEnter17digitVINNumberSearch" time="150.097"/>
  <system-out/>
  <testcase classname="tests.LocateDealerSearches" name="locateDealerZipCodeSearch" time="119.386"/>
  <system-out/>
  <testcase classname="tests.LocateDealerSearches" name="locateDealerLocationSearch" time="73.519"/>
  <system-out/>
</testsuite> <!-- tests.LocateDealerSearches -->
