<?xml version="1.0" encoding="UTF-8"?>
<!-- Generated by org.testng.reporters.JUnitReportReporter -->
<testsuite hostname="DESKTOP-8URFB1B" failures="0" tests="9" name="tests.VerifyAllLinksTest" time="654.956" errors="0" timestamp="2021-07-27T18:09:58 PKT" skipped="0">
  <testcase classname="tests.VerifyAllLinksTest" name="validateLoginFields" time="77.903"/>
  <system-out/>
  <testcase classname="tests.VerifyAllLinksTest" name="locateDealerPageLink" time="70.881"/>
  <system-out/>
  <testcase classname="tests.VerifyAllLinksTest" name="verifyloginPageLink" time="70.743"/>
  <system-out/>
  <testcase classname="tests.VerifyAllLinksTest" name="verifyRecallMattersBlogPageLink" time="72.787"/>
  <system-out/>
  <testcase classname="tests.VerifyAllLinksTest" name="verifyFAQPageLink" time="72.439"/>
  <system-out/>
  <testcase classname="tests.VerifyAllLinksTest" name="verifyAboutUsPageLink" time="72.751"/>
  <system-out/>
  <testcase classname="tests.VerifyAllLinksTest" name="verifyContactUsPageLink" time="72.383"/>
  <system-out/>
  <testcase classname="tests.VerifyAllLinksTest" name="verifyTermsPageLink" time="72.629"/>
  <system-out/>
  <testcase classname="tests.VerifyAllLinksTest" name="verifyPrivacyPageLink" time="72.440"/>
  <system-out/>
</testsuite> <!-- tests.VerifyAllLinksTest -->
