<?xml version="1.0" encoding="UTF-8"?>
<!-- Generated by org.testng.reporters.JUnitReportReporter -->
<testsuite hostname="DESKTOP-8URFB1B" failures="0" tests="3" name="tests.LoginTest2" time="208.018" errors="0" timestamp="2021-07-26T21:34:06 PKT" skipped="0">
  <testcase classname="tests.LoginTest2" name="validateLoginFields" time="107.430"/>
  <system-out/>
  <testcase classname="tests.LoginTest2" name="singupPage" time="71.726"/>
  <system-out/>
  <testcase classname="tests.LoginTest2" name="loginPage" time="28.862"/>
  <system-out/>
</testsuite> <!-- tests.LoginTest2 -->
