<?xml version="1.0" encoding="UTF-8"?>
<!-- Generated by org.testng.reporters.JUnitReportReporter -->
<testsuite hostname="DESKTOP-8URFB1B" failures="0" tests="2" name="tests.RecallServiceTodaySearchTest" time="166.333" errors="0" timestamp="2021-07-27T18:20:54 PKT" skipped="0">
  <testcase classname="tests.RecallServiceTodaySearchTest" name="validateLoginFields" time="81.261"/>
  <system-out/>
  <testcase classname="tests.RecallServiceTodaySearchTest" name="checkFindRecallsSearchThroughVIN" time="85.072"/>
  <system-out/>
</testsuite> <!-- tests.RecallServiceTodaySearchTest -->
